2024-03-08 16:24:29,704 [INFO] from akka.event.slf4j.Slf4jLogger in application-akka.actor.default-dispatcher-4 - Slf4jLogger started
2024-03-08 16:24:29,912 [INFO] from org.hibernate.validator.internal.util.Version in play-dev-mode-akka.actor.default-dispatcher-4 - HV000001: Hibernate Validator 6.1.0.Final
2024-03-08 16:24:30,282 [INFO] from play.api.http.EnabledFilters in play-dev-mode-akka.actor.default-dispatcher-4 - Enabled Filters (see <https://www.playframework.com/documentation/latest/Filters>):

    play.filters.csrf.CSRFFilter
    play.filters.headers.SecurityHeadersFilter
    play.filters.hosts.AllowedHostsFilter
    play.filters.csrf.CSRFFilter

2024-03-08 16:24:30,293 [INFO] from play.api.Play in play-dev-mode-akka.actor.default-dispatcher-4 - Application started (Dev) (no global state)
2024-03-08 16:31:59,694 [ERROR] from akka.stream.impl.ActorRefSource in application-akka.actor.default-dispatcher-8 - Failing because buffer is full and overflowStrategy is: [Fail] in stream [actorRefSource]
2024-03-08 16:31:59,704 [ERROR] from play.core.server.common.WebSocketFlowHandler in play-dev-mode-akka.actor.default-dispatcher-10 - WebSocket flow threw exception
akka.stream.BufferOverflowException: Buffer overflow (max capacity was: 16)!
	at akka.stream.impl.ActorRefSource$$anon$1.$anonfun$ref$1(ActorRefSource.scala:132)
	at akka.stream.impl.ActorRefSource$$anon$1.$anonfun$ref$1$adapted(ActorRefSource.scala:56)
	at akka.stream.stage.GraphStageLogic$StageActor.internalReceive(GraphStage.scala:243)
	at akka.stream.stage.GraphStageLogic$StageActor.$anonfun$callback$1(GraphStage.scala:202)
	at akka.stream.stage.GraphStageLogic$StageActor.$anonfun$callback$1$adapted(GraphStage.scala:202)
	at akka.stream.impl.fusing.GraphInterpreter.runAsyncInput(GraphInterpreter.scala:466)
	at akka.stream.impl.fusing.GraphInterpreterShell$AsyncInput.execute(ActorGraphInterpreter.scala:497)
	at akka.stream.impl.fusing.GraphInterpreterShell.processEvent(ActorGraphInterpreter.scala:599)
	at akka.stream.impl.fusing.ActorGraphInterpreter.akka$stream$impl$fusing$ActorGraphInterpreter$$processEvent(ActorGraphInterpreter.scala:768)
	at akka.stream.impl.fusing.ActorGraphInterpreter$$anonfun$receive$1.applyOrElse(ActorGraphInterpreter.scala:783)
	at akka.actor.Actor.aroundReceive(Actor.scala:534)
	at akka.actor.Actor.aroundReceive$(Actor.scala:532)
	at akka.stream.impl.fusing.ActorGraphInterpreter.aroundReceive(ActorGraphInterpreter.scala:690)
	at akka.actor.ActorCell.receiveMessage(ActorCell.scala:573)
	at akka.actor.ActorCell.invoke(ActorCell.scala:543)
	at akka.dispatch.Mailbox.processMailbox(Mailbox.scala:269)
	at akka.dispatch.Mailbox.run(Mailbox.scala:230)
	at akka.dispatch.Mailbox.exec(Mailbox.scala:242)
	at java.base/java.util.concurrent.ForkJoinTask.doExec(ForkJoinTask.java:290)
	at java.base/java.util.concurrent.ForkJoinPool$WorkQueue.topLevelExec(ForkJoinPool.java:1020)
	at java.base/java.util.concurrent.ForkJoinPool.scan(ForkJoinPool.java:1656)
	at java.base/java.util.concurrent.ForkJoinPool.runWorker(ForkJoinPool.java:1594)
	at java.base/java.util.concurrent.ForkJoinWorkerThread.run(ForkJoinWorkerThread.java:183)
2024-03-08 16:32:11,823 [INFO] from play.api.internal.libs.concurrent.CoordinatedShutdownSupport in pool-10-thread-5 - Starting synchronous coordinated shutdown with ServerStoppedReason reason and 35000 milliseconds timeout
2024-03-08 16:32:11,831 [INFO] from play.core.server.AkkaHttpServer in pool-10-thread-5 - Stopping Akka HTTP server...
2024-03-08 16:32:11,849 [INFO] from play.core.server.AkkaHttpServer in play-dev-mode-akka.actor.internal-dispatcher-22 - Terminating server binding for /0:0:0:0:0:0:0:0:9000
2024-03-08 16:32:11,937 [INFO] from play.core.server.AkkaHttpServer in play-dev-mode-akka.actor.internal-dispatcher-18 - Running provided shutdown stop hooks
